C:\Program Files (x86)\Microsoft Visual Studio\2019\Professional\MSBuild\Microsoft\VC\v160\Microsoft.CppBuild.targets(491,5): warning MSB8028: El directorio intermedio (x64\Debug\) contiene archivos compartidos de otro proyecto (Ejemplo3.vcxproj, TerrenoGC1.vcxproj, TerrenoSkyBillGC1.vcxproj, TerrenoSkyGC1.vcxproj). Esto puede dar lugar a un comportamiento incorrecto de limpieza y recompilación.
  graphicsclass.cpp
C:\Users\Samuel\Documents\Proyectos LMAD\Periodos\Proyectos feb-jun 2021\Graficas 1\Proyecto Graficas\otro intento v\TerrenoSkydomeBillboardGC1\Ejemplo3\VectorRR.h(56,22): warning C4244: '=': conversión de 'double' a 'float'; posible pérdida de datos
C:\Users\Samuel\Documents\Proyectos LMAD\Periodos\Proyectos feb-jun 2021\Graficas 1\Proyecto Graficas\otro intento v\TerrenoSkydomeBillboardGC1\Ejemplo3\VectorRR.h(58,19): warning C4244: '=': conversión de 'double' a 'float'; posible pérdida de datos
C:\Users\Samuel\Documents\Proyectos LMAD\Periodos\Proyectos feb-jun 2021\Graficas 1\Proyecto Graficas\otro intento v\TerrenoSkydomeBillboardGC1\Ejemplo3\VectorRR.h(59,22): warning C4244: '=': conversión de 'double' a 'float'; posible pérdida de datos
C:\Users\Samuel\Documents\Proyectos LMAD\Periodos\Proyectos feb-jun 2021\Graficas 1\Proyecto Graficas\otro intento v\TerrenoSkydomeBillboardGC1\Ejemplo3\VectorRR.h(64,22): warning C4244: '=': conversión de 'double' a 'float'; posible pérdida de datos
C:\Users\Samuel\Documents\Proyectos LMAD\Periodos\Proyectos feb-jun 2021\Graficas 1\Proyecto Graficas\otro intento v\TerrenoSkydomeBillboardGC1\Ejemplo3\VectorRR.h(66,19): warning C4244: '=': conversión de 'double' a 'float'; posible pérdida de datos
C:\Users\Samuel\Documents\Proyectos LMAD\Periodos\Proyectos feb-jun 2021\Graficas 1\Proyecto Graficas\otro intento v\TerrenoSkydomeBillboardGC1\Ejemplo3\VectorRR.h(67,22): warning C4244: '=': conversión de 'double' a 'float'; posible pérdida de datos
C:\Users\Samuel\Documents\Proyectos LMAD\Periodos\Proyectos feb-jun 2021\Graficas 1\Proyecto Graficas\otro intento v\TerrenoSkydomeBillboardGC1\Ejemplo3\VectorRR.h(72,22): warning C4244: '=': conversión de 'double' a 'float'; posible pérdida de datos
C:\Users\Samuel\Documents\Proyectos LMAD\Periodos\Proyectos feb-jun 2021\Graficas 1\Proyecto Graficas\otro intento v\TerrenoSkydomeBillboardGC1\Ejemplo3\VectorRR.h(74,19): warning C4244: '=': conversión de 'double' a 'float'; posible pérdida de datos
C:\Users\Samuel\Documents\Proyectos LMAD\Periodos\Proyectos feb-jun 2021\Graficas 1\Proyecto Graficas\otro intento v\TerrenoSkydomeBillboardGC1\Ejemplo3\VectorRR.h(75,22): warning C4244: '=': conversión de 'double' a 'float'; posible pérdida de datos
C:\Users\Samuel\Documents\Proyectos LMAD\Periodos\Proyectos feb-jun 2021\Graficas 1\Proyecto Graficas\otro intento v\TerrenoSkydomeBillboardGC1\Ejemplo3\VectorRR.h(176,18): warning C4244: 'inicializando': conversión de 'double' a 'float'; posible pérdida de datos
C:\Users\Samuel\Documents\Proyectos LMAD\Periodos\Proyectos feb-jun 2021\Graficas 1\Proyecto Graficas\otro intento v\TerrenoSkydomeBillboardGC1\Ejemplo3\VectorRR.h(186,18): warning C4244: 'inicializando': conversión de 'double' a 'float'; posible pérdida de datos
C:\Users\Samuel\Documents\Proyectos LMAD\Periodos\Proyectos feb-jun 2021\Graficas 1\Proyecto Graficas\otro intento v\TerrenoSkydomeBillboardGC1\Ejemplo3\Imagenes.h(61,26): warning C4101: 'e': variable local sin referencia
C:\Users\Samuel\Documents\Proyectos LMAD\Periodos\Proyectos feb-jun 2021\Graficas 1\Proyecto Graficas\otro intento v\TerrenoSkydomeBillboardGC1\Ejemplo3\Imagenes.h(80,28): warning C4101: 'e': variable local sin referencia
C:\Users\Samuel\Documents\Proyectos LMAD\Periodos\Proyectos feb-jun 2021\Graficas 1\Proyecto Graficas\otro intento v\TerrenoSkydomeBillboardGC1\Ejemplo3\Geometrias.h(128,126): warning C4244: '=': conversión de 'double' a 'float'; posible pérdida de datos
C:\Users\Samuel\Documents\Proyectos LMAD\Periodos\Proyectos feb-jun 2021\Graficas 1\Proyecto Graficas\otro intento v\TerrenoSkydomeBillboardGC1\Ejemplo3\Geometrias.h(130,40): warning C4244: '=': conversión de 'double' a 'float'; posible pérdida de datos
C:\Users\Samuel\Documents\Proyectos LMAD\Periodos\Proyectos feb-jun 2021\Graficas 1\Proyecto Graficas\otro intento v\TerrenoSkydomeBillboardGC1\Ejemplo3\Geometrias.h(131,126): warning C4244: '=': conversión de 'double' a 'float'; posible pérdida de datos
C:\Users\Samuel\Documents\Proyectos LMAD\Periodos\Proyectos feb-jun 2021\Graficas 1\Proyecto Graficas\otro intento v\TerrenoSkydomeBillboardGC1\Ejemplo3\Geometrias.h(134,119): warning C4244: '=': conversión de 'double' a 'float'; posible pérdida de datos
C:\Users\Samuel\Documents\Proyectos LMAD\Periodos\Proyectos feb-jun 2021\Graficas 1\Proyecto Graficas\otro intento v\TerrenoSkydomeBillboardGC1\Ejemplo3\Geometrias.h(136,38): warning C4244: '=': conversión de 'double' a 'float'; posible pérdida de datos
C:\Users\Samuel\Documents\Proyectos LMAD\Periodos\Proyectos feb-jun 2021\Graficas 1\Proyecto Graficas\otro intento v\TerrenoSkydomeBillboardGC1\Ejemplo3\Geometrias.h(137,119): warning C4244: '=': conversión de 'double' a 'float'; posible pérdida de datos
C:\Users\Samuel\Documents\Proyectos LMAD\Periodos\Proyectos feb-jun 2021\Graficas 1\Proyecto Graficas\otro intento v\TerrenoSkydomeBillboardGC1\Ejemplo3\Geometrias.h(140,40): warning C4244: '=': conversión de 'double' a 'float'; posible pérdida de datos
C:\Users\Samuel\Documents\Proyectos LMAD\Periodos\Proyectos feb-jun 2021\Graficas 1\Proyecto Graficas\otro intento v\TerrenoSkydomeBillboardGC1\Ejemplo3\Geometrias.h(141,40): warning C4244: '=': conversión de 'double' a 'float'; posible pérdida de datos
C:\Users\Samuel\Documents\Proyectos LMAD\Periodos\Proyectos feb-jun 2021\Graficas 1\Proyecto Graficas\otro intento v\TerrenoSkydomeBillboardGC1\Ejemplo3\Geometrias.h(287,55): warning C4244: '=': conversión de 'double' a 'float'; posible pérdida de datos
C:\Users\Samuel\Documents\Proyectos LMAD\Periodos\Proyectos feb-jun 2021\Graficas 1\Proyecto Graficas\otro intento v\TerrenoSkydomeBillboardGC1\Ejemplo3\Geometrias.h(288,74): warning C4244: '=': conversión de 'double' a 'float'; posible pérdida de datos
C:\Users\Samuel\Documents\Proyectos LMAD\Periodos\Proyectos feb-jun 2021\Graficas 1\Proyecto Graficas\otro intento v\TerrenoSkydomeBillboardGC1\Ejemplo3\Geometrias.h(289,55): warning C4244: '=': conversión de 'double' a 'float'; posible pérdida de datos
C:\Users\Samuel\Documents\Proyectos LMAD\Periodos\Proyectos feb-jun 2021\Graficas 1\Proyecto Graficas\otro intento v\TerrenoSkydomeBillboardGC1\Ejemplo3\Modelos.h(470,1): warning C4267: '=': conversión de 'size_t' a 'int'; posible pérdida de datos
C:\Users\Samuel\Documents\Proyectos LMAD\Periodos\Proyectos feb-jun 2021\Graficas 1\Proyecto Graficas\otro intento v\TerrenoSkydomeBillboardGC1\Ejemplo3\Modelos.h(471,1): warning C4267: '=': conversión de 'size_t' a 'int'; posible pérdida de datos
C:\Users\Samuel\Documents\Proyectos LMAD\Periodos\Proyectos feb-jun 2021\Graficas 1\Proyecto Graficas\otro intento v\TerrenoSkydomeBillboardGC1\Ejemplo3\Modelos.h(536,1): warning C4305: '=': truncamiento de 'double' a 'float'
C:\Users\Samuel\Documents\Proyectos LMAD\Periodos\Proyectos feb-jun 2021\Graficas 1\Proyecto Graficas\otro intento v\TerrenoSkydomeBillboardGC1\Ejemplo3\graphicsclass.cpp(766,179): warning C4305: 'argumento': truncamiento de 'double' a 'float'
C:\Users\Samuel\Documents\Proyectos LMAD\Periodos\Proyectos feb-jun 2021\Graficas 1\Proyecto Graficas\otro intento v\TerrenoSkydomeBillboardGC1\Ejemplo3\graphicsclass.cpp(786,152): warning C4305: 'argumento': truncamiento de 'double' a 'float'
C:\Users\Samuel\Documents\Proyectos LMAD\Periodos\Proyectos feb-jun 2021\Graficas 1\Proyecto Graficas\otro intento v\TerrenoSkydomeBillboardGC1\Ejemplo3\graphicsclass.cpp(2002,62): warning C4305: 'argumento': truncamiento de 'double' a 'float'
C:\Users\Samuel\Documents\Proyectos LMAD\Periodos\Proyectos feb-jun 2021\Graficas 1\Proyecto Graficas\otro intento v\TerrenoSkydomeBillboardGC1\Ejemplo3\graphicsclass.cpp(2022,61): warning C4305: 'argumento': truncamiento de 'double' a 'float'
C:\Users\Samuel\Documents\Proyectos LMAD\Periodos\Proyectos feb-jun 2021\Graficas 1\Proyecto Graficas\otro intento v\TerrenoSkydomeBillboardGC1\Ejemplo3\graphicsclass.cpp(2115,69): warning C4244: 'argumento': conversión de 'double' a 'float'; posible pérdida de datos
C:\Users\Samuel\Documents\Proyectos LMAD\Periodos\Proyectos feb-jun 2021\Graficas 1\Proyecto Graficas\otro intento v\TerrenoSkydomeBillboardGC1\Ejemplo3\graphicsclass.cpp(2416,9): warning C4101: 'traslatematrixbill01': variable local sin referencia
C:\Users\Samuel\Documents\Proyectos LMAD\Periodos\Proyectos feb-jun 2021\Graficas 1\Proyecto Graficas\otro intento v\TerrenoSkydomeBillboardGC1\Ejemplo3\graphicsclass.cpp(2440,9): warning C4101: 'traslatematrixbill02': variable local sin referencia
C:\Users\Samuel\Documents\Proyectos LMAD\Periodos\Proyectos feb-jun 2021\Graficas 1\Proyecto Graficas\otro intento v\TerrenoSkydomeBillboardGC1\Ejemplo3\graphicsclass.cpp(2464,9): warning C4101: 'traslatematrixbill03': variable local sin referencia
C:\Users\Samuel\Documents\Proyectos LMAD\Periodos\Proyectos feb-jun 2021\Graficas 1\Proyecto Graficas\otro intento v\TerrenoSkydomeBillboardGC1\Ejemplo3\graphicsclass.cpp(2488,9): warning C4101: 'traslatematrixbill04': variable local sin referencia
C:\Users\Samuel\Documents\Proyectos LMAD\Periodos\Proyectos feb-jun 2021\Graficas 1\Proyecto Graficas\otro intento v\TerrenoSkydomeBillboardGC1\Ejemplo3\graphicsclass.cpp(2512,9): warning C4101: 'traslatematrixbill05': variable local sin referencia
C:\Users\Samuel\Documents\Proyectos LMAD\Periodos\Proyectos feb-jun 2021\Graficas 1\Proyecto Graficas\otro intento v\TerrenoSkydomeBillboardGC1\Ejemplo3\graphicsclass.cpp(2536,9): warning C4101: 'traslatematrixbill06': variable local sin referencia
C:\Users\Samuel\Documents\Proyectos LMAD\Periodos\Proyectos feb-jun 2021\Graficas 1\Proyecto Graficas\otro intento v\TerrenoSkydomeBillboardGC1\Ejemplo3\graphicsclass.cpp(2560,9): warning C4101: 'traslatematrixbill07': variable local sin referencia
  main.cpp
C:\Users\Samuel\Documents\Proyectos LMAD\Periodos\Proyectos feb-jun 2021\Graficas 1\Proyecto Graficas\otro intento v\TerrenoSkydomeBillboardGC1\Ejemplo3\VectorRR.h(56,22): warning C4244: '=': conversión de 'double' a 'float'; posible pérdida de datos
C:\Users\Samuel\Documents\Proyectos LMAD\Periodos\Proyectos feb-jun 2021\Graficas 1\Proyecto Graficas\otro intento v\TerrenoSkydomeBillboardGC1\Ejemplo3\VectorRR.h(58,19): warning C4244: '=': conversión de 'double' a 'float'; posible pérdida de datos
C:\Users\Samuel\Documents\Proyectos LMAD\Periodos\Proyectos feb-jun 2021\Graficas 1\Proyecto Graficas\otro intento v\TerrenoSkydomeBillboardGC1\Ejemplo3\VectorRR.h(59,22): warning C4244: '=': conversión de 'double' a 'float'; posible pérdida de datos
C:\Users\Samuel\Documents\Proyectos LMAD\Periodos\Proyectos feb-jun 2021\Graficas 1\Proyecto Graficas\otro intento v\TerrenoSkydomeBillboardGC1\Ejemplo3\VectorRR.h(64,22): warning C4244: '=': conversión de 'double' a 'float'; posible pérdida de datos
C:\Users\Samuel\Documents\Proyectos LMAD\Periodos\Proyectos feb-jun 2021\Graficas 1\Proyecto Graficas\otro intento v\TerrenoSkydomeBillboardGC1\Ejemplo3\VectorRR.h(66,19): warning C4244: '=': conversión de 'double' a 'float'; posible pérdida de datos
C:\Users\Samuel\Documents\Proyectos LMAD\Periodos\Proyectos feb-jun 2021\Graficas 1\Proyecto Graficas\otro intento v\TerrenoSkydomeBillboardGC1\Ejemplo3\VectorRR.h(67,22): warning C4244: '=': conversión de 'double' a 'float'; posible pérdida de datos
C:\Users\Samuel\Documents\Proyectos LMAD\Periodos\Proyectos feb-jun 2021\Graficas 1\Proyecto Graficas\otro intento v\TerrenoSkydomeBillboardGC1\Ejemplo3\VectorRR.h(72,22): warning C4244: '=': conversión de 'double' a 'float'; posible pérdida de datos
C:\Users\Samuel\Documents\Proyectos LMAD\Periodos\Proyectos feb-jun 2021\Graficas 1\Proyecto Graficas\otro intento v\TerrenoSkydomeBillboardGC1\Ejemplo3\VectorRR.h(74,19): warning C4244: '=': conversión de 'double' a 'float'; posible pérdida de datos
C:\Users\Samuel\Documents\Proyectos LMAD\Periodos\Proyectos feb-jun 2021\Graficas 1\Proyecto Graficas\otro intento v\TerrenoSkydomeBillboardGC1\Ejemplo3\VectorRR.h(75,22): warning C4244: '=': conversión de 'double' a 'float'; posible pérdida de datos
C:\Users\Samuel\Documents\Proyectos LMAD\Periodos\Proyectos feb-jun 2021\Graficas 1\Proyecto Graficas\otro intento v\TerrenoSkydomeBillboardGC1\Ejemplo3\VectorRR.h(176,18): warning C4244: 'inicializando': conversión de 'double' a 'float'; posible pérdida de datos
C:\Users\Samuel\Documents\Proyectos LMAD\Periodos\Proyectos feb-jun 2021\Graficas 1\Proyecto Graficas\otro intento v\TerrenoSkydomeBillboardGC1\Ejemplo3\VectorRR.h(186,18): warning C4244: 'inicializando': conversión de 'double' a 'float'; posible pérdida de datos
C:\Users\Samuel\Documents\Proyectos LMAD\Periodos\Proyectos feb-jun 2021\Graficas 1\Proyecto Graficas\otro intento v\TerrenoSkydomeBillboardGC1\Ejemplo3\Imagenes.h(61,26): warning C4101: 'e': variable local sin referencia
C:\Users\Samuel\Documents\Proyectos LMAD\Periodos\Proyectos feb-jun 2021\Graficas 1\Proyecto Graficas\otro intento v\TerrenoSkydomeBillboardGC1\Ejemplo3\Imagenes.h(80,28): warning C4101: 'e': variable local sin referencia
C:\Users\Samuel\Documents\Proyectos LMAD\Periodos\Proyectos feb-jun 2021\Graficas 1\Proyecto Graficas\otro intento v\TerrenoSkydomeBillboardGC1\Ejemplo3\Geometrias.h(128,126): warning C4244: '=': conversión de 'double' a 'float'; posible pérdida de datos
C:\Users\Samuel\Documents\Proyectos LMAD\Periodos\Proyectos feb-jun 2021\Graficas 1\Proyecto Graficas\otro intento v\TerrenoSkydomeBillboardGC1\Ejemplo3\Geometrias.h(130,40): warning C4244: '=': conversión de 'double' a 'float'; posible pérdida de datos
C:\Users\Samuel\Documents\Proyectos LMAD\Periodos\Proyectos feb-jun 2021\Graficas 1\Proyecto Graficas\otro intento v\TerrenoSkydomeBillboardGC1\Ejemplo3\Geometrias.h(131,126): warning C4244: '=': conversión de 'double' a 'float'; posible pérdida de datos
C:\Users\Samuel\Documents\Proyectos LMAD\Periodos\Proyectos feb-jun 2021\Graficas 1\Proyecto Graficas\otro intento v\TerrenoSkydomeBillboardGC1\Ejemplo3\Geometrias.h(134,119): warning C4244: '=': conversión de 'double' a 'float'; posible pérdida de datos
C:\Users\Samuel\Documents\Proyectos LMAD\Periodos\Proyectos feb-jun 2021\Graficas 1\Proyecto Graficas\otro intento v\TerrenoSkydomeBillboardGC1\Ejemplo3\Geometrias.h(136,38): warning C4244: '=': conversión de 'double' a 'float'; posible pérdida de datos
C:\Users\Samuel\Documents\Proyectos LMAD\Periodos\Proyectos feb-jun 2021\Graficas 1\Proyecto Graficas\otro intento v\TerrenoSkydomeBillboardGC1\Ejemplo3\Geometrias.h(137,119): warning C4244: '=': conversión de 'double' a 'float'; posible pérdida de datos
C:\Users\Samuel\Documents\Proyectos LMAD\Periodos\Proyectos feb-jun 2021\Graficas 1\Proyecto Graficas\otro intento v\TerrenoSkydomeBillboardGC1\Ejemplo3\Geometrias.h(140,40): warning C4244: '=': conversión de 'double' a 'float'; posible pérdida de datos
C:\Users\Samuel\Documents\Proyectos LMAD\Periodos\Proyectos feb-jun 2021\Graficas 1\Proyecto Graficas\otro intento v\TerrenoSkydomeBillboardGC1\Ejemplo3\Geometrias.h(141,40): warning C4244: '=': conversión de 'double' a 'float'; posible pérdida de datos
C:\Users\Samuel\Documents\Proyectos LMAD\Periodos\Proyectos feb-jun 2021\Graficas 1\Proyecto Graficas\otro intento v\TerrenoSkydomeBillboardGC1\Ejemplo3\Geometrias.h(287,55): warning C4244: '=': conversión de 'double' a 'float'; posible pérdida de datos
C:\Users\Samuel\Documents\Proyectos LMAD\Periodos\Proyectos feb-jun 2021\Graficas 1\Proyecto Graficas\otro intento v\TerrenoSkydomeBillboardGC1\Ejemplo3\Geometrias.h(288,74): warning C4244: '=': conversión de 'double' a 'float'; posible pérdida de datos
C:\Users\Samuel\Documents\Proyectos LMAD\Periodos\Proyectos feb-jun 2021\Graficas 1\Proyecto Graficas\otro intento v\TerrenoSkydomeBillboardGC1\Ejemplo3\Geometrias.h(289,55): warning C4244: '=': conversión de 'double' a 'float'; posible pérdida de datos
C:\Users\Samuel\Documents\Proyectos LMAD\Periodos\Proyectos feb-jun 2021\Graficas 1\Proyecto Graficas\otro intento v\TerrenoSkydomeBillboardGC1\Ejemplo3\Modelos.h(470,1): warning C4267: '=': conversión de 'size_t' a 'int'; posible pérdida de datos
C:\Users\Samuel\Documents\Proyectos LMAD\Periodos\Proyectos feb-jun 2021\Graficas 1\Proyecto Graficas\otro intento v\TerrenoSkydomeBillboardGC1\Ejemplo3\Modelos.h(471,1): warning C4267: '=': conversión de 'size_t' a 'int'; posible pérdida de datos
C:\Users\Samuel\Documents\Proyectos LMAD\Periodos\Proyectos feb-jun 2021\Graficas 1\Proyecto Graficas\otro intento v\TerrenoSkydomeBillboardGC1\Ejemplo3\Modelos.h(536,1): warning C4305: '=': truncamiento de 'double' a 'float'
C:\Users\Samuel\Documents\Proyectos LMAD\Periodos\Proyectos feb-jun 2021\Graficas 1\Proyecto Graficas\otro intento v\TerrenoSkydomeBillboardGC1\Ejemplo3\main.cpp(281,17): warning C4244: 'inicializando': conversión de 'double' a 'float'; posible pérdida de datos
C:\Users\Samuel\Documents\Proyectos LMAD\Periodos\Proyectos feb-jun 2021\Graficas 1\Proyecto Graficas\otro intento v\TerrenoSkydomeBillboardGC1\Ejemplo3\main.cpp(284,37): warning C4244: '+=': conversión de 'double' a 'float'; posible pérdida de datos
C:\Users\Samuel\Documents\Proyectos LMAD\Periodos\Proyectos feb-jun 2021\Graficas 1\Proyecto Graficas\otro intento v\TerrenoSkydomeBillboardGC1\Ejemplo3\main.cpp(287,57): warning C4244: '=': conversión de 'double' a 'float'; posible pérdida de datos
C:\Users\Samuel\Documents\Proyectos LMAD\Periodos\Proyectos feb-jun 2021\Graficas 1\Proyecto Graficas\otro intento v\TerrenoSkydomeBillboardGC1\Ejemplo3\main.cpp(289,37): warning C4244: '+=': conversión de 'double' a 'float'; posible pérdida de datos
C:\Users\Samuel\Documents\Proyectos LMAD\Periodos\Proyectos feb-jun 2021\Graficas 1\Proyecto Graficas\otro intento v\TerrenoSkydomeBillboardGC1\Ejemplo3\main.cpp(320,66): warning C4244: '=': conversión de 'double' a 'float'; posible pérdida de datos
C:\Users\Samuel\Documents\Proyectos LMAD\Periodos\Proyectos feb-jun 2021\Graficas 1\Proyecto Graficas\otro intento v\TerrenoSkydomeBillboardGC1\Ejemplo3\main.cpp(323,66): warning C4244: '=': conversión de 'double' a 'float'; posible pérdida de datos
C:\Users\Samuel\Documents\Proyectos LMAD\Periodos\Proyectos feb-jun 2021\Graficas 1\Proyecto Graficas\otro intento v\TerrenoSkydomeBillboardGC1\Ejemplo3\main.cpp(326,66): warning C4244: '=': conversión de 'double' a 'float'; posible pérdida de datos
C:\Users\Samuel\Documents\Proyectos LMAD\Periodos\Proyectos feb-jun 2021\Graficas 1\Proyecto Graficas\otro intento v\TerrenoSkydomeBillboardGC1\Ejemplo3\main.cpp(329,66): warning C4244: '=': conversión de 'double' a 'float'; posible pérdida de datos
C:\Users\Samuel\Documents\Proyectos LMAD\Periodos\Proyectos feb-jun 2021\Graficas 1\Proyecto Graficas\otro intento v\TerrenoSkydomeBillboardGC1\Ejemplo3\main.cpp(332,66): warning C4244: '=': conversión de 'double' a 'float'; posible pérdida de datos
C:\Users\Samuel\Documents\Proyectos LMAD\Periodos\Proyectos feb-jun 2021\Graficas 1\Proyecto Graficas\otro intento v\TerrenoSkydomeBillboardGC1\Ejemplo3\main.cpp(335,66): warning C4244: '=': conversión de 'double' a 'float'; posible pérdida de datos
C:\Users\Samuel\Documents\Proyectos LMAD\Periodos\Proyectos feb-jun 2021\Graficas 1\Proyecto Graficas\otro intento v\TerrenoSkydomeBillboardGC1\Ejemplo3\main.cpp(338,66): warning C4244: '=': conversión de 'double' a 'float'; posible pérdida de datos
C:\Users\Samuel\Documents\Proyectos LMAD\Periodos\Proyectos feb-jun 2021\Graficas 1\Proyecto Graficas\otro intento v\TerrenoSkydomeBillboardGC1\Ejemplo3\main.cpp(341,66): warning C4244: '=': conversión de 'double' a 'float'; posible pérdida de datos
C:\Users\Samuel\Documents\Proyectos LMAD\Periodos\Proyectos feb-jun 2021\Graficas 1\Proyecto Graficas\otro intento v\TerrenoSkydomeBillboardGC1\Ejemplo3\main.cpp(346,66): warning C4244: '=': conversión de 'double' a 'float'; posible pérdida de datos
C:\Users\Samuel\Documents\Proyectos LMAD\Periodos\Proyectos feb-jun 2021\Graficas 1\Proyecto Graficas\otro intento v\TerrenoSkydomeBillboardGC1\Ejemplo3\main.cpp(350,66): warning C4244: '=': conversión de 'double' a 'float'; posible pérdida de datos
C:\Users\Samuel\Documents\Proyectos LMAD\Periodos\Proyectos feb-jun 2021\Graficas 1\Proyecto Graficas\otro intento v\TerrenoSkydomeBillboardGC1\Ejemplo3\main.cpp(354,66): warning C4244: '=': conversión de 'double' a 'float'; posible pérdida de datos
C:\Users\Samuel\Documents\Proyectos LMAD\Periodos\Proyectos feb-jun 2021\Graficas 1\Proyecto Graficas\otro intento v\TerrenoSkydomeBillboardGC1\Ejemplo3\main.cpp(358,66): warning C4244: '=': conversión de 'double' a 'float'; posible pérdida de datos
C:\Users\Samuel\Documents\Proyectos LMAD\Periodos\Proyectos feb-jun 2021\Graficas 1\Proyecto Graficas\otro intento v\TerrenoSkydomeBillboardGC1\Ejemplo3\main.cpp(362,66): warning C4244: '=': conversión de 'double' a 'float'; posible pérdida de datos
C:\Users\Samuel\Documents\Proyectos LMAD\Periodos\Proyectos feb-jun 2021\Graficas 1\Proyecto Graficas\otro intento v\TerrenoSkydomeBillboardGC1\Ejemplo3\main.cpp(366,66): warning C4244: '=': conversión de 'double' a 'float'; posible pérdida de datos
C:\Users\Samuel\Documents\Proyectos LMAD\Periodos\Proyectos feb-jun 2021\Graficas 1\Proyecto Graficas\otro intento v\TerrenoSkydomeBillboardGC1\Ejemplo3\main.cpp(370,66): warning C4244: '=': conversión de 'double' a 'float'; posible pérdida de datos
C:\Users\Samuel\Documents\Proyectos LMAD\Periodos\Proyectos feb-jun 2021\Graficas 1\Proyecto Graficas\otro intento v\TerrenoSkydomeBillboardGC1\Ejemplo3\main.cpp(381,66): warning C4244: '=': conversión de 'double' a 'float'; posible pérdida de datos
C:\Users\Samuel\Documents\Proyectos LMAD\Periodos\Proyectos feb-jun 2021\Graficas 1\Proyecto Graficas\otro intento v\TerrenoSkydomeBillboardGC1\Ejemplo3\main.cpp(384,66): warning C4244: '=': conversión de 'double' a 'float'; posible pérdida de datos
C:\Users\Samuel\Documents\Proyectos LMAD\Periodos\Proyectos feb-jun 2021\Graficas 1\Proyecto Graficas\otro intento v\TerrenoSkydomeBillboardGC1\Ejemplo3\main.cpp(387,66): warning C4244: '=': conversión de 'double' a 'float'; posible pérdida de datos
C:\Users\Samuel\Documents\Proyectos LMAD\Periodos\Proyectos feb-jun 2021\Graficas 1\Proyecto Graficas\otro intento v\TerrenoSkydomeBillboardGC1\Ejemplo3\main.cpp(390,66): warning C4244: '=': conversión de 'double' a 'float'; posible pérdida de datos
C:\Users\Samuel\Documents\Proyectos LMAD\Periodos\Proyectos feb-jun 2021\Graficas 1\Proyecto Graficas\otro intento v\TerrenoSkydomeBillboardGC1\Ejemplo3\main.cpp(393,66): warning C4244: '=': conversión de 'double' a 'float'; posible pérdida de datos
C:\Users\Samuel\Documents\Proyectos LMAD\Periodos\Proyectos feb-jun 2021\Graficas 1\Proyecto Graficas\otro intento v\TerrenoSkydomeBillboardGC1\Ejemplo3\main.cpp(396,66): warning C4244: '=': conversión de 'double' a 'float'; posible pérdida de datos
C:\Users\Samuel\Documents\Proyectos LMAD\Periodos\Proyectos feb-jun 2021\Graficas 1\Proyecto Graficas\otro intento v\TerrenoSkydomeBillboardGC1\Ejemplo3\main.cpp(399,66): warning C4244: '=': conversión de 'double' a 'float'; posible pérdida de datos
C:\Users\Samuel\Documents\Proyectos LMAD\Periodos\Proyectos feb-jun 2021\Graficas 1\Proyecto Graficas\otro intento v\TerrenoSkydomeBillboardGC1\Ejemplo3\main.cpp(402,66): warning C4244: '=': conversión de 'double' a 'float'; posible pérdida de datos
C:\Users\Samuel\Documents\Proyectos LMAD\Periodos\Proyectos feb-jun 2021\Graficas 1\Proyecto Graficas\otro intento v\TerrenoSkydomeBillboardGC1\Ejemplo3\main.cpp(405,66): warning C4244: '=': conversión de 'double' a 'float'; posible pérdida de datos
C:\Users\Samuel\Documents\Proyectos LMAD\Periodos\Proyectos feb-jun 2021\Graficas 1\Proyecto Graficas\otro intento v\TerrenoSkydomeBillboardGC1\Ejemplo3\main.cpp(410,66): warning C4244: '=': conversión de 'double' a 'float'; posible pérdida de datos
C:\Users\Samuel\Documents\Proyectos LMAD\Periodos\Proyectos feb-jun 2021\Graficas 1\Proyecto Graficas\otro intento v\TerrenoSkydomeBillboardGC1\Ejemplo3\main.cpp(414,66): warning C4244: '=': conversión de 'double' a 'float'; posible pérdida de datos
C:\Users\Samuel\Documents\Proyectos LMAD\Periodos\Proyectos feb-jun 2021\Graficas 1\Proyecto Graficas\otro intento v\TerrenoSkydomeBillboardGC1\Ejemplo3\main.cpp(418,66): warning C4244: '=': conversión de 'double' a 'float'; posible pérdida de datos
C:\Users\Samuel\Documents\Proyectos LMAD\Periodos\Proyectos feb-jun 2021\Graficas 1\Proyecto Graficas\otro intento v\TerrenoSkydomeBillboardGC1\Ejemplo3\main.cpp(422,66): warning C4244: '=': conversión de 'double' a 'float'; posible pérdida de datos
C:\Users\Samuel\Documents\Proyectos LMAD\Periodos\Proyectos feb-jun 2021\Graficas 1\Proyecto Graficas\otro intento v\TerrenoSkydomeBillboardGC1\Ejemplo3\main.cpp(426,66): warning C4244: '=': conversión de 'double' a 'float'; posible pérdida de datos
C:\Users\Samuel\Documents\Proyectos LMAD\Periodos\Proyectos feb-jun 2021\Graficas 1\Proyecto Graficas\otro intento v\TerrenoSkydomeBillboardGC1\Ejemplo3\main.cpp(430,66): warning C4244: '=': conversión de 'double' a 'float'; posible pérdida de datos
C:\Users\Samuel\Documents\Proyectos LMAD\Periodos\Proyectos feb-jun 2021\Graficas 1\Proyecto Graficas\otro intento v\TerrenoSkydomeBillboardGC1\Ejemplo3\main.cpp(434,66): warning C4244: '=': conversión de 'double' a 'float'; posible pérdida de datos
C:\Users\Samuel\Documents\Proyectos LMAD\Periodos\Proyectos feb-jun 2021\Graficas 1\Proyecto Graficas\otro intento v\TerrenoSkydomeBillboardGC1\Ejemplo3\main.cpp(438,66): warning C4244: '=': conversión de 'double' a 'float'; posible pérdida de datos
C:\Users\Samuel\Documents\Proyectos LMAD\Periodos\Proyectos feb-jun 2021\Graficas 1\Proyecto Graficas\otro intento v\TerrenoSkydomeBillboardGC1\Ejemplo3\main.cpp(486,65): warning C4244: '=': conversión de 'double' a 'float'; posible pérdida de datos
C:\Users\Samuel\Documents\Proyectos LMAD\Periodos\Proyectos feb-jun 2021\Graficas 1\Proyecto Graficas\otro intento v\TerrenoSkydomeBillboardGC1\Ejemplo3\main.cpp(489,65): warning C4244: '=': conversión de 'double' a 'float'; posible pérdida de datos
C:\Users\Samuel\Documents\Proyectos LMAD\Periodos\Proyectos feb-jun 2021\Graficas 1\Proyecto Graficas\otro intento v\TerrenoSkydomeBillboardGC1\Ejemplo3\main.cpp(492,65): warning C4244: '=': conversión de 'double' a 'float'; posible pérdida de datos
C:\Users\Samuel\Documents\Proyectos LMAD\Periodos\Proyectos feb-jun 2021\Graficas 1\Proyecto Graficas\otro intento v\TerrenoSkydomeBillboardGC1\Ejemplo3\main.cpp(495,65): warning C4244: '=': conversión de 'double' a 'float'; posible pérdida de datos
C:\Users\Samuel\Documents\Proyectos LMAD\Periodos\Proyectos feb-jun 2021\Graficas 1\Proyecto Graficas\otro intento v\TerrenoSkydomeBillboardGC1\Ejemplo3\main.cpp(498,65): warning C4244: '=': conversión de 'double' a 'float'; posible pérdida de datos
C:\Users\Samuel\Documents\Proyectos LMAD\Periodos\Proyectos feb-jun 2021\Graficas 1\Proyecto Graficas\otro intento v\TerrenoSkydomeBillboardGC1\Ejemplo3\main.cpp(501,65): warning C4244: '=': conversión de 'double' a 'float'; posible pérdida de datos
C:\Users\Samuel\Documents\Proyectos LMAD\Periodos\Proyectos feb-jun 2021\Graficas 1\Proyecto Graficas\otro intento v\TerrenoSkydomeBillboardGC1\Ejemplo3\main.cpp(504,65): warning C4244: '=': conversión de 'double' a 'float'; posible pérdida de datos
C:\Users\Samuel\Documents\Proyectos LMAD\Periodos\Proyectos feb-jun 2021\Graficas 1\Proyecto Graficas\otro intento v\TerrenoSkydomeBillboardGC1\Ejemplo3\main.cpp(507,65): warning C4244: '=': conversión de 'double' a 'float'; posible pérdida de datos
C:\Users\Samuel\Documents\Proyectos LMAD\Periodos\Proyectos feb-jun 2021\Graficas 1\Proyecto Graficas\otro intento v\TerrenoSkydomeBillboardGC1\Ejemplo3\main.cpp(510,65): warning C4244: '=': conversión de 'double' a 'float'; posible pérdida de datos
C:\Users\Samuel\Documents\Proyectos LMAD\Periodos\Proyectos feb-jun 2021\Graficas 1\Proyecto Graficas\otro intento v\TerrenoSkydomeBillboardGC1\Ejemplo3\main.cpp(515,65): warning C4244: '=': conversión de 'double' a 'float'; posible pérdida de datos
C:\Users\Samuel\Documents\Proyectos LMAD\Periodos\Proyectos feb-jun 2021\Graficas 1\Proyecto Graficas\otro intento v\TerrenoSkydomeBillboardGC1\Ejemplo3\main.cpp(519,65): warning C4244: '=': conversión de 'double' a 'float'; posible pérdida de datos
C:\Users\Samuel\Documents\Proyectos LMAD\Periodos\Proyectos feb-jun 2021\Graficas 1\Proyecto Graficas\otro intento v\TerrenoSkydomeBillboardGC1\Ejemplo3\main.cpp(523,65): warning C4244: '=': conversión de 'double' a 'float'; posible pérdida de datos
C:\Users\Samuel\Documents\Proyectos LMAD\Periodos\Proyectos feb-jun 2021\Graficas 1\Proyecto Graficas\otro intento v\TerrenoSkydomeBillboardGC1\Ejemplo3\main.cpp(527,65): warning C4244: '=': conversión de 'double' a 'float'; posible pérdida de datos
C:\Users\Samuel\Documents\Proyectos LMAD\Periodos\Proyectos feb-jun 2021\Graficas 1\Proyecto Graficas\otro intento v\TerrenoSkydomeBillboardGC1\Ejemplo3\main.cpp(531,65): warning C4244: '=': conversión de 'double' a 'float'; posible pérdida de datos
C:\Users\Samuel\Documents\Proyectos LMAD\Periodos\Proyectos feb-jun 2021\Graficas 1\Proyecto Graficas\otro intento v\TerrenoSkydomeBillboardGC1\Ejemplo3\main.cpp(535,65): warning C4244: '=': conversión de 'double' a 'float'; posible pérdida de datos
C:\Users\Samuel\Documents\Proyectos LMAD\Periodos\Proyectos feb-jun 2021\Graficas 1\Proyecto Graficas\otro intento v\TerrenoSkydomeBillboardGC1\Ejemplo3\main.cpp(539,65): warning C4244: '=': conversión de 'double' a 'float'; posible pérdida de datos
C:\Users\Samuel\Documents\Proyectos LMAD\Periodos\Proyectos feb-jun 2021\Graficas 1\Proyecto Graficas\otro intento v\TerrenoSkydomeBillboardGC1\Ejemplo3\main.cpp(543,65): warning C4244: '=': conversión de 'double' a 'float'; posible pérdida de datos
C:\Users\Samuel\Documents\Proyectos LMAD\Periodos\Proyectos feb-jun 2021\Graficas 1\Proyecto Graficas\otro intento v\TerrenoSkydomeBillboardGC1\Ejemplo3\main.cpp(556,65): warning C4244: '=': conversión de 'double' a 'float'; posible pérdida de datos
C:\Users\Samuel\Documents\Proyectos LMAD\Periodos\Proyectos feb-jun 2021\Graficas 1\Proyecto Graficas\otro intento v\TerrenoSkydomeBillboardGC1\Ejemplo3\main.cpp(559,65): warning C4244: '=': conversión de 'double' a 'float'; posible pérdida de datos
C:\Users\Samuel\Documents\Proyectos LMAD\Periodos\Proyectos feb-jun 2021\Graficas 1\Proyecto Graficas\otro intento v\TerrenoSkydomeBillboardGC1\Ejemplo3\main.cpp(562,65): warning C4244: '=': conversión de 'double' a 'float'; posible pérdida de datos
C:\Users\Samuel\Documents\Proyectos LMAD\Periodos\Proyectos feb-jun 2021\Graficas 1\Proyecto Graficas\otro intento v\TerrenoSkydomeBillboardGC1\Ejemplo3\main.cpp(565,65): warning C4244: '=': conversión de 'double' a 'float'; posible pérdida de datos
C:\Users\Samuel\Documents\Proyectos LMAD\Periodos\Proyectos feb-jun 2021\Graficas 1\Proyecto Graficas\otro intento v\TerrenoSkydomeBillboardGC1\Ejemplo3\main.cpp(568,65): warning C4244: '=': conversión de 'double' a 'float'; posible pérdida de datos
C:\Users\Samuel\Documents\Proyectos LMAD\Periodos\Proyectos feb-jun 2021\Graficas 1\Proyecto Graficas\otro intento v\TerrenoSkydomeBillboardGC1\Ejemplo3\main.cpp(571,65): warning C4244: '=': conversión de 'double' a 'float'; posible pérdida de datos
C:\Users\Samuel\Documents\Proyectos LMAD\Periodos\Proyectos feb-jun 2021\Graficas 1\Proyecto Graficas\otro intento v\TerrenoSkydomeBillboardGC1\Ejemplo3\main.cpp(574,65): warning C4244: '=': conversión de 'double' a 'float'; posible pérdida de datos
C:\Users\Samuel\Documents\Proyectos LMAD\Periodos\Proyectos feb-jun 2021\Graficas 1\Proyecto Graficas\otro intento v\TerrenoSkydomeBillboardGC1\Ejemplo3\main.cpp(577,65): warning C4244: '=': conversión de 'double' a 'float'; posible pérdida de datos
C:\Users\Samuel\Documents\Proyectos LMAD\Periodos\Proyectos feb-jun 2021\Graficas 1\Proyecto Graficas\otro intento v\TerrenoSkydomeBillboardGC1\Ejemplo3\main.cpp(582,65): warning C4244: '=': conversión de 'double' a 'float'; posible pérdida de datos
C:\Users\Samuel\Documents\Proyectos LMAD\Periodos\Proyectos feb-jun 2021\Graficas 1\Proyecto Graficas\otro intento v\TerrenoSkydomeBillboardGC1\Ejemplo3\main.cpp(586,65): warning C4244: '=': conversión de 'double' a 'float'; posible pérdida de datos
C:\Users\Samuel\Documents\Proyectos LMAD\Periodos\Proyectos feb-jun 2021\Graficas 1\Proyecto Graficas\otro intento v\TerrenoSkydomeBillboardGC1\Ejemplo3\main.cpp(590,65): warning C4244: '=': conversión de 'double' a 'float'; posible pérdida de datos
C:\Users\Samuel\Documents\Proyectos LMAD\Periodos\Proyectos feb-jun 2021\Graficas 1\Proyecto Graficas\otro intento v\TerrenoSkydomeBillboardGC1\Ejemplo3\main.cpp(594,65): warning C4244: '=': conversión de 'double' a 'float'; posible pérdida de datos
C:\Users\Samuel\Documents\Proyectos LMAD\Periodos\Proyectos feb-jun 2021\Graficas 1\Proyecto Graficas\otro intento v\TerrenoSkydomeBillboardGC1\Ejemplo3\main.cpp(598,65): warning C4244: '=': conversión de 'double' a 'float'; posible pérdida de datos
C:\Users\Samuel\Documents\Proyectos LMAD\Periodos\Proyectos feb-jun 2021\Graficas 1\Proyecto Graficas\otro intento v\TerrenoSkydomeBillboardGC1\Ejemplo3\main.cpp(602,65): warning C4244: '=': conversión de 'double' a 'float'; posible pérdida de datos
C:\Users\Samuel\Documents\Proyectos LMAD\Periodos\Proyectos feb-jun 2021\Graficas 1\Proyecto Graficas\otro intento v\TerrenoSkydomeBillboardGC1\Ejemplo3\main.cpp(606,65): warning C4244: '=': conversión de 'double' a 'float'; posible pérdida de datos
  Generando código...
C:\Users\Samuel\Documents\Proyectos LMAD\Periodos\Proyectos feb-jun 2021\Graficas 1\Proyecto Graficas\otro intento v\TerrenoSkydomeBillboardGC1\Ejemplo3\main.cpp(678): warning C4715: 'WndProc': no todas las rutas de acceso de control devuelven un valor
C:\Users\Samuel\Documents\Proyectos LMAD\Periodos\Proyectos feb-jun 2021\Graficas 1\Proyecto Graficas\otro intento v\TerrenoSkydomeBillboardGC1\Ejemplo3\Modelos.h(569): warning C4715: 'Modelos::modeLoad': no todas las rutas de acceso de control devuelven un valor
  Ejemplo3.vcxproj -> C:\Users\Samuel\Documents\Proyectos LMAD\Periodos\Proyectos feb-jun 2021\Graficas 1\Proyecto Graficas\otro intento v\TerrenoSkydomeBillboardGC1\x64\Debug\ProyectoGraficas_TEAM TOASTY.exe
