c:\users\samuel\documents\proyectos lmad\periodos\proyectos feb-jun 2021\graficas 1\proyecto graficas\otro intento v\terrenoskydomebillboardgc1\ejemplo3\x64\debug\vc142.pdb
c:\users\samuel\documents\proyectos lmad\periodos\proyectos feb-jun 2021\graficas 1\proyecto graficas\otro intento v\terrenoskydomebillboardgc1\ejemplo3\x64\debug\vc142.idb
c:\users\samuel\documents\proyectos lmad\periodos\proyectos feb-jun 2021\graficas 1\proyecto graficas\otro intento v\terrenoskydomebillboardgc1\ejemplo3\x64\debug\openglclass.obj
c:\users\samuel\documents\proyectos lmad\periodos\proyectos feb-jun 2021\graficas 1\proyecto graficas\otro intento v\terrenoskydomebillboardgc1\ejemplo3\x64\debug\main.obj
c:\users\samuel\documents\proyectos lmad\periodos\proyectos feb-jun 2021\graficas 1\proyecto graficas\otro intento v\terrenoskydomebillboardgc1\ejemplo3\x64\debug\lightshaderclass.obj
c:\users\samuel\documents\proyectos lmad\periodos\proyectos feb-jun 2021\graficas 1\proyecto graficas\otro intento v\terrenoskydomebillboardgc1\ejemplo3\x64\debug\lightclass.obj
c:\users\samuel\documents\proyectos lmad\periodos\proyectos feb-jun 2021\graficas 1\proyecto graficas\otro intento v\terrenoskydomebillboardgc1\ejemplo3\x64\debug\graphicsclass.obj
c:\users\samuel\documents\proyectos lmad\periodos\proyectos feb-jun 2021\graficas 1\proyecto graficas\otro intento v\terrenoskydomebillboardgc1\ejemplo3\x64\debug\cameraclass.obj
c:\users\samuel\documents\proyectos lmad\periodos\proyectos feb-jun 2021\graficas 1\proyecto graficas\otro intento v\terrenoskydomebillboardgc1\x64\debug\terrenoskybillgc1.pdb
c:\users\samuel\documents\proyectos lmad\periodos\proyectos feb-jun 2021\graficas 1\proyecto graficas\otro intento v\terrenoskydomebillboardgc1\ejemplo3\x64\debug\terrenos.dccd4ade.tlog\cl.command.1.tlog
c:\users\samuel\documents\proyectos lmad\periodos\proyectos feb-jun 2021\graficas 1\proyecto graficas\otro intento v\terrenoskydomebillboardgc1\ejemplo3\x64\debug\terrenos.dccd4ade.tlog\cl.read.1.tlog
c:\users\samuel\documents\proyectos lmad\periodos\proyectos feb-jun 2021\graficas 1\proyecto graficas\otro intento v\terrenoskydomebillboardgc1\ejemplo3\x64\debug\terrenos.dccd4ade.tlog\cl.write.1.tlog
c:\users\samuel\documents\proyectos lmad\periodos\proyectos feb-jun 2021\graficas 1\proyecto graficas\otro intento v\terrenoskydomebillboardgc1\ejemplo3\x64\debug\terrenos.dccd4ade.tlog\link.23860-cvtres.read.1.tlog
c:\users\samuel\documents\proyectos lmad\periodos\proyectos feb-jun 2021\graficas 1\proyecto graficas\otro intento v\terrenoskydomebillboardgc1\ejemplo3\x64\debug\terrenos.dccd4ade.tlog\link.23860-cvtres.write.1.tlog
c:\users\samuel\documents\proyectos lmad\periodos\proyectos feb-jun 2021\graficas 1\proyecto graficas\otro intento v\terrenoskydomebillboardgc1\ejemplo3\x64\debug\terrenos.dccd4ade.tlog\link.23860-rc.read.1.tlog
c:\users\samuel\documents\proyectos lmad\periodos\proyectos feb-jun 2021\graficas 1\proyecto graficas\otro intento v\terrenoskydomebillboardgc1\ejemplo3\x64\debug\terrenos.dccd4ade.tlog\link.23860-rc.write.1.tlog
c:\users\samuel\documents\proyectos lmad\periodos\proyectos feb-jun 2021\graficas 1\proyecto graficas\otro intento v\terrenoskydomebillboardgc1\ejemplo3\x64\debug\terrenos.dccd4ade.tlog\link.23860.read.1.tlog
c:\users\samuel\documents\proyectos lmad\periodos\proyectos feb-jun 2021\graficas 1\proyecto graficas\otro intento v\terrenoskydomebillboardgc1\ejemplo3\x64\debug\terrenos.dccd4ade.tlog\link.23860.write.1.tlog
c:\users\samuel\documents\proyectos lmad\periodos\proyectos feb-jun 2021\graficas 1\proyecto graficas\otro intento v\terrenoskydomebillboardgc1\ejemplo3\x64\debug\terrenos.dccd4ade.tlog\link.command.1.tlog
c:\users\samuel\documents\proyectos lmad\periodos\proyectos feb-jun 2021\graficas 1\proyecto graficas\otro intento v\terrenoskydomebillboardgc1\ejemplo3\x64\debug\terrenos.dccd4ade.tlog\link.read.1.tlog
c:\users\samuel\documents\proyectos lmad\periodos\proyectos feb-jun 2021\graficas 1\proyecto graficas\otro intento v\terrenoskydomebillboardgc1\ejemplo3\x64\debug\terrenos.dccd4ade.tlog\link.write.1.tlog
